2017-05-27 00:56:11,360  INFO [main] GoSslSocketConnector:76 - Included ciphers: null
2017-05-27 00:56:11,363  INFO [main] GoSslSocketConnector:77 - Excluded ciphers: null
2017-05-27 00:56:11,364  INFO [main] GoSslSocketConnector:78 - Included protocols: null
2017-05-27 00:56:11,365  INFO [main] GoSslSocketConnector:79 - Excluded protocols: null
2017-05-27 00:56:11,365  INFO [main] GoSslSocketConnector:80 - Renegotiation Allowed: true
2017-05-27 00:56:11,515  INFO [main] Jetty9Server:177 - Configuring Jetty using /go-working-dir/config/jetty.xml
2017-05-27 00:56:11,590  INFO [main] GoServer:97 - Including addons: 
2017-05-27 00:56:15,876  INFO [main] H2Database:128 - [db] Using connection configuration jdbc:h2:db/h2db/cruise;DB_CLOSE_DELAY=-1;DB_CLOSE_ON_EXIT=FALSE;MVCC=FALSE;CACHE_SIZE=131072;TRACE_LEVEL_FILE=1;TRACE_MAX_FILE_SIZE=16;DATABASE_EVENT_LISTENER='com.thoughtworks.go.server.util.H2EventListener' [User: sa]
2017-05-27 00:56:15,879  INFO [main] H2Database:118 - Creating data source with url=jdbc:h2:db/h2db/cruise;DB_CLOSE_DELAY=-1;DB_CLOSE_ON_EXIT=FALSE;MVCC=FALSE;CACHE_SIZE=131072;TRACE_LEVEL_FILE=1;TRACE_MAX_FILE_SIZE=16;DATABASE_EVENT_LISTENER='com.thoughtworks.go.server.util.H2EventListener'
2017-05-27 00:56:15,883  INFO [main] DbDeployMigration:48 - Upgrading database at org.apache.commons.dbcp.BasicDataSource@3bec2275. This might take a while depending on the size of the database.
2017-05-27 00:56:15,965  INFO [main] H2EventListener:30 - Initializing database: jdbc:h2:db/h2db/cruise
2017-05-27 00:56:16,183  INFO [main] H2EventListener:82 - Creating index SYS:SYS_ID 0%
2017-05-27 00:56:16,184  INFO [main] H2EventListener:82 - Creating index SYS:SYS_ID 0%
2017-05-27 00:56:16,289  INFO [main] H2EventListener:34 - Database is opened
2017-05-27 00:56:16,300  INFO [main] H2EventListener:30 - Initializing database: jdbc:h2:db/h2db/cruise
2017-05-27 00:56:16,451  INFO [main] H2EventListener:30 - Initializing database: jdbc:h2:db/h2db/cruise
2017-05-27 00:56:16,497  INFO [main] Migration_86:93 - migrating 0 rows
2017-05-27 00:56:16,997  INFO [main] DbDeployMigration:63 - Database upgraded
2017-05-27 00:56:16,998  INFO [main] H2EventListener:77 - Closing database
2017-05-27 00:56:17,181  INFO [main] H2Database:128 - [db] Using connection configuration jdbc:h2:db/h2db/cruise;DB_CLOSE_DELAY=-1;DB_CLOSE_ON_EXIT=FALSE;MVCC=TRUE;CACHE_SIZE=131072;TRACE_LEVEL_FILE=1;TRACE_MAX_FILE_SIZE=16;DATABASE_EVENT_LISTENER='com.thoughtworks.go.server.util.H2EventListener' [User: sa]
2017-05-27 00:56:17,181  INFO [main] H2Database:118 - Creating data source with url=jdbc:h2:db/h2db/cruise;DB_CLOSE_DELAY=-1;DB_CLOSE_ON_EXIT=FALSE;MVCC=TRUE;CACHE_SIZE=131072;TRACE_LEVEL_FILE=1;TRACE_MAX_FILE_SIZE=16;DATABASE_EVENT_LISTENER='com.thoughtworks.go.server.util.H2EventListener'
2017-05-27 00:56:17,951  INFO [main] H2EventListener:30 - Initializing database: jdbc:h2:db/h2db/cruise
2017-05-27 00:56:18,021  INFO [main] H2EventListener:82 - Creating index SYS:SYS_ID 0%
2017-05-27 00:56:18,022  INFO [main] H2EventListener:82 - Creating index SYS:SYS_ID 0%
2017-05-27 00:56:18,037  INFO [main] H2EventListener:34 - Database is opened
2017-05-27 00:56:18,098  INFO [main] H2EventListener:30 - Initializing database: jdbc:h2:db/h2db/cruise
2017-05-27 00:56:18,187  WARN [main] ConfigurationFactory:134 - No configuration found. Configuring ehcache from ehcache-failsafe.xml  found in the classpath: jar:file:/go-working-dir/work/jetty-0.0.0.0-8153-cruise.war-_go-any-/webapp/WEB-INF/lib/ehcache-core-2.0.0.jar!/ehcache-failsafe.xml
2017-05-27 00:56:18,209  WARN [main] CacheManager:566 - Creating a new instance of CacheManager using the diskStorePath "/tmp" which is already used by an existing CacheManager.
The source of the configuration was net.sf.ehcache.config.generator.ConfigurationSource$DefaultConfigurationSource@1cdc1bbc.
The diskStore path for this CacheManager will be set to /tmp/ehcache_auto_created_1495846578209.
To avoid this warning consider using the CacheManager factory methods to create a singleton CacheManager or specifying a separate ehcache configuration (ehcache.xml) for each CacheManager instance.
2017-05-27 00:56:18,228  WARN [main] EhCacheProvider:93 - Could not find configuration [com.thoughtworks.go.config.EnvironmentVariableConfig]; using defaults.
2017-05-27 00:56:18,258  INFO [main] CipherProvider:64 - Cipher not found. Creating a new cipher file
2017-05-27 00:56:18,279  WARN [main] EhCacheProvider:93 - Could not find configuration [com.thoughtworks.go.domain.NotificationFilter]; using defaults.
2017-05-27 00:56:18,336  WARN [main] EhCacheProvider:93 - Could not find configuration [com.thoughtworks.go.domain.User]; using defaults.
2017-05-27 00:56:18,353  WARN [main] EhCacheProvider:93 - Could not find configuration [com.thoughtworks.go.domain.Plugin]; using defaults.
2017-05-27 00:56:18,369  WARN [main] EhCacheProvider:93 - Could not find configuration [com.thoughtworks.go.domain.User.notificationFilters]; using defaults.
2017-05-27 00:56:18,421  WARN [main] EhCacheProvider:93 - Could not find configuration [org.hibernate.cache.UpdateTimestampsCache]; using defaults.
2017-05-27 00:56:18,423  WARN [main] EhCacheProvider:93 - Could not find configuration [org.hibernate.cache.StandardQueryCache]; using defaults.
2017-05-27 00:56:18,774  INFO [main] ServerVersion:38 - [Startup] Go Version: 17.4.0 (4892-ab17b819e73477a47401744fa64f64fda55c26e8)
2017-05-27 00:56:18,783  INFO [main] ServerVersion:39 - [Startup] PID: 35
2017-05-27 00:56:18,784  INFO [main] ServerVersion:40 - [Startup] JVM properties: {jruby.rack.request.size.threshold.bytes=30000000, java.runtime.name=OpenJDK Runtime Environment, java.protocol.handler.pkgs=com.simontuffs, sun.boot.library.path=/usr/lib/jvm/java-1.8-openjdk/jre/lib/amd64, java.vm.version=25.121-b13, java.vm.vendor=Oracle Corporation, java.vendor.url=http://java.oracle.com/, path.separator=:, java.vm.name=OpenJDK 64-Bit Server VM, file.encoding.pkg=sun.io, sun.java.launcher=SUN_STANDARD, user.country=US, sun.os.patch.level=unknown, java.vm.specification.name=Java Virtual Machine Specification, user.dir=/go-working-dir, jetty.xml.file.name=jetty.xml, java.runtime.version=1.8.0_121-b13, java.awt.graphicsenv=sun.awt.X11GraphicsEnvironment, java.endorsed.dirs=/usr/lib/jvm/java-1.8-openjdk/jre/lib/endorsed, os.arch=amd64, java.io.tmpdir=/tmp, line.separator=
, java.vm.specification.vendor=Oracle Corporation, jruby.ji.objectProxyCache=false, os.name=Linux, cruise.config.dir=/go-working-dir/config, sun.jnu.encoding=UTF-8, java.library.path=/usr/lib/jvm/java-1.8-openjdk/jre/lib/amd64/server:/usr/lib/jvm/java-1.8-openjdk/jre/lib/amd64:/usr/lib/jvm/java-1.8-openjdk/jre/../lib/amd64:/usr/java/packages/lib/amd64:/usr/lib64:/lib64:/lib:/usr/lib, java.specification.name=Java Platform API Specification, java.class.version=52.0, jetty.home=/go-working-dir, sun.management.compiler=HotSpot 64-Bit Tiered Compilers, os.version=4.9.27-moby, cruise.server.port=8153, user.home=/home/go, user.timezone=GMT, java.awt.printerjob=sun.print.PSPrinterJob, file.encoding=UTF-8, java.specification.version=1.8, java.class.path=/go-server/go.jar, user.name=go, jetty.base=/go-working-dir, cruise.config.file=/go-working-dir/config/cruise-config.xml, jruby.compile.invokedynamic=false, java.vm.specification.version=1.8, sun.java.command=/go-server/go.jar, java.home=/usr/lib/jvm/java-1.8-openjdk/jre, sun.arch.data.model=64, user.language=en, java.specification.vendor=Oracle Corporation, awt.toolkit=sun.awt.X11.XToolkit, java.vm.info=mixed mode, java.version=1.8.0_121, java.ext.dirs=/usr/lib/jvm/java-1.8-openjdk/jre/lib/ext:/usr/java/packages/lib/ext, sun.boot.class.path=/usr/lib/jvm/java-1.8-openjdk/jre/lib/resources.jar:/usr/lib/jvm/java-1.8-openjdk/jre/lib/rt.jar:/usr/lib/jvm/java-1.8-openjdk/jre/lib/sunrsasign.jar:/usr/lib/jvm/java-1.8-openjdk/jre/lib/jsse.jar:/usr/lib/jvm/java-1.8-openjdk/jre/lib/jce.jar:/usr/lib/jvm/java-1.8-openjdk/jre/lib/charsets.jar:/usr/lib/jvm/java-1.8-openjdk/jre/lib/jfr.jar:/usr/lib/jvm/java-1.8-openjdk/jre/classes, java.awt.headless=true, java.vendor=Oracle Corporation, net.sf.ehcache.skipUpdateCheck=true, java.security.egd=file:/dev/./urandom, file.separator=/, java.vendor.url.bug=http://bugreport.sun.com/bugreport/, sun.io.unicode.encoding=UnicodeLittle, sun.cpu.endian=little, cruise.server.ssl.port=8154, rails.use.compressed.js=true, sun.cpu.isalist=}
2017-05-27 00:56:18,785  INFO [main] ServerVersion:41 - [Startup] Environment Variables: {PATH=/usr/local/sbin:/usr/local/bin:/usr/sbin:/usr/bin:/sbin:/bin, no_proxy=*.local, 169.254/16, STDOUT_LOG_FILE=/go-working-dir/logs/go-server.out.log, OLDPWD=/go-plugins/external, XFILESEARCHPATH=/usr/dt/app-defaults/%L/Dt, LANG=en_US.utf8, GO_CONFIG_DIR=/go-working-dir/config, YAML_CONFIG_PLUGIN=0.4.0, HOSTNAME=639d0fccf206, LD_LIBRARY_PATH=/usr/lib/jvm/java-1.8-openjdk/jre/lib/amd64/server:/usr/lib/jvm/java-1.8-openjdk/jre/lib/amd64:/usr/lib/jvm/java-1.8-openjdk/jre/../lib/amd64, SERVER_WORK_DIR=/go-working-dir, NLSPATH=/usr/dt/lib/nls/msg/%L/%N.cat, GOCD_SLACK_TASK=1.3.1, GITHUB_OATH_LOGIN_VERSION=2.3, PWD=/go-working-dir, HOME=/home/go, SHLVL=0}
2017-05-27 00:56:24,698 ERROR [Thread-75] PluginSettingsMetadataLoader:77 - Failed to fetch Plugin Settings metadata for plugin : yum
java.lang.RuntimeException: Interaction with plugin with id 'yum' implementing 'package-repository' extension failed while requesting for 'go.plugin-settings.get-configuration'. Reason: [The plugin sent a response that could not be understood by Go. Plugin returned with code '400' and the following response: 'Invalid request name go.plugin-settings.get-configuration']
	at com.thoughtworks.go.plugin.access.PluginRequestHelper.submitRequest(PluginRequestHelper.java:41)
	at com.thoughtworks.go.plugin.access.common.AbstractExtension.getPluginSettingsConfiguration(AbstractExtension.java:51)
	at com.thoughtworks.go.plugin.access.common.settings.PluginSettingsMetadataLoader.fetchPluginSettingsMetaData(PluginSettingsMetadataLoader.java:67)
	at com.thoughtworks.go.plugin.access.common.settings.PluginSettingsMetadataLoader.pluginLoaded(PluginSettingsMetadataLoader.java:47)
	at com.thoughtworks.go.plugin.infra.DefaultPluginManager$FilterChangeListener.pluginLoaded(DefaultPluginManager.java:274)
	at com.thoughtworks.go.plugin.infra.FelixGoPluginOSGiFramework$2.execute(FelixGoPluginOSGiFramework.java:353)
	at org.apache.commons.collections.CollectionUtils.forAllDo(CollectionUtils.java:389)
	at com.thoughtworks.go.plugin.infra.FelixGoPluginOSGiFramework.getBundle(FelixGoPluginOSGiFramework.java:111)
	at com.thoughtworks.go.plugin.infra.FelixGoPluginOSGiFramework.loadPlugin(FelixGoPluginOSGiFramework.java:97)
	at com.thoughtworks.go.plugin.infra.listeners.DefaultPluginJarChangeListener.refreshBundle(DefaultPluginJarChangeListener.java:151)
	at com.thoughtworks.go.plugin.infra.listeners.DefaultPluginJarChangeListener.addPlugin(DefaultPluginJarChangeListener.java:108)
	at com.thoughtworks.go.plugin.infra.listeners.DefaultPluginJarChangeListener.pluginJarAdded(DefaultPluginJarChangeListener.java:71)
	at com.thoughtworks.go.plugin.infra.monitor.DefaultPluginJarLocationMonitor$PluginLocationMonitorThread$DoOnAllListeners$1.execute(DefaultPluginJarLocationMonitor.java:303)
	at com.thoughtworks.go.plugin.infra.monitor.DefaultPluginJarLocationMonitor$PluginLocationMonitorThread$DoOnAllListeners.doOnAllPluginJarChangeListener(DefaultPluginJarLocationMonitor.java:334)
	at com.thoughtworks.go.plugin.infra.monitor.DefaultPluginJarLocationMonitor$PluginLocationMonitorThread$DoOnAllListeners.pluginJarAdded(DefaultPluginJarLocationMonitor.java:301)
	at com.thoughtworks.go.plugin.infra.monitor.DefaultPluginJarLocationMonitor$PluginLocationMonitorThread.notifyListenersOfAddedPlugins(DefaultPluginJarLocationMonitor.java:225)
	at com.thoughtworks.go.plugin.infra.monitor.DefaultPluginJarLocationMonitor$PluginLocationMonitorThread.loadAndNotifyPluginsFrom(DefaultPluginJarLocationMonitor.java:213)
	at com.thoughtworks.go.plugin.infra.monitor.DefaultPluginJarLocationMonitor$PluginLocationMonitorThread.oneShot(DefaultPluginJarLocationMonitor.java:205)
	at com.thoughtworks.go.plugin.infra.monitor.DefaultPluginJarLocationMonitor$PluginLocationMonitorThread.run(DefaultPluginJarLocationMonitor.java:194)
Caused by: java.lang.RuntimeException: The plugin sent a response that could not be understood by Go. Plugin returned with code '400' and the following response: 'Invalid request name go.plugin-settings.get-configuration'
	at com.thoughtworks.go.plugin.access.PluginRequestHelper.submitRequest(PluginRequestHelper.java:39)
	... 18 more
2017-05-27 00:56:25,138  INFO [main] GoConfigMigration:216 - Upgrading config file from version 81 to version 90
2017-05-27 00:56:25,637  INFO [main] GoConfigMigration:224 - Finished upgrading config file
2017-05-27 00:56:25,638  INFO [main] GoConfigMigrator:105 - [Config Save] Starting Config Save post upgrade using FullConfigSaveNormalFlow
2017-05-27 00:56:26,217 ERROR [main] ConfigRepository:190 - [CONFIG REPOSITORY] Could not fetch latest commit id
org.eclipse.jgit.api.errors.NoHeadException: No HEAD exists and no explicit starting revision was specified
	at org.eclipse.jgit.api.LogCommand.call(LogCommand.java:152)
	at com.thoughtworks.go.service.ConfigRepository.revisions(ConfigRepository.java:136)
	at com.thoughtworks.go.service.ConfigRepository.getCurrentRevCommit(ConfigRepository.java:188)
	at com.thoughtworks.go.service.ConfigRepository$3.call(ConfigRepository.java:175)
	at com.thoughtworks.go.service.ConfigRepository$3.call(ConfigRepository.java:171)
	at com.thoughtworks.go.service.ConfigRepository.doLocked(ConfigRepository.java:126)
	at com.thoughtworks.go.service.ConfigRepository.getCurrentRevision(ConfigRepository.java:171)
	at com.thoughtworks.go.service.ConfigRepository.checkin(ConfigRepository.java:106)
	at com.thoughtworks.go.config.FullConfigSaveFlow.checkinToConfigRepo(FullConfigSaveFlow.java:92)
	at com.thoughtworks.go.config.FullConfigSaveNormalFlow.execute(FullConfigSaveNormalFlow.java:66)
	at com.thoughtworks.go.config.GoConfigMigrator.upgradeConfigFile(GoConfigMigrator.java:109)
	at com.thoughtworks.go.config.GoConfigMigrator.upgrade(GoConfigMigrator.java:95)
	at com.thoughtworks.go.config.GoConfigMigrator.migrate(GoConfigMigrator.java:74)
	at com.thoughtworks.go.config.CachedGoConfig.upgradeConfig(CachedGoConfig.java:143)
	at com.thoughtworks.go.server.initializers.ApplicationInitializer.onApplicationEvent(ApplicationInitializer.java:105)
	at com.thoughtworks.go.server.initializers.ApplicationInitializer.onApplicationEvent(ApplicationInitializer.java:47)
	at org.springframework.context.event.SimpleApplicationEventMulticaster.multicastEvent(SimpleApplicationEventMulticaster.java:97)
	at org.springframework.context.support.AbstractApplicationContext.publishEvent(AbstractApplicationContext.java:327)
	at org.springframework.context.support.AbstractApplicationContext.finishRefresh(AbstractApplicationContext.java:941)
	at org.springframework.context.support.AbstractApplicationContext.refresh(AbstractApplicationContext.java:475)
	at org.springframework.web.context.ContextLoader.configureAndRefreshWebApplicationContext(ContextLoader.java:383)
	at org.springframework.web.context.ContextLoader.initWebApplicationContext(ContextLoader.java:283)
	at org.springframework.web.context.ContextLoaderListener.contextInitialized(ContextLoaderListener.java:111)
	at org.eclipse.jetty.server.handler.ContextHandler.callContextInitialized(ContextHandler.java:800)
	at org.eclipse.jetty.servlet.ServletContextHandler.callContextInitialized(ServletContextHandler.java:444)
	at org.eclipse.jetty.server.handler.ContextHandler.startContext(ContextHandler.java:791)
	at org.eclipse.jetty.servlet.ServletContextHandler.startContext(ServletContextHandler.java:294)
	at org.eclipse.jetty.webapp.WebAppContext.startWebapp(WebAppContext.java:1349)
	at org.eclipse.jetty.webapp.WebAppContext.startContext(WebAppContext.java:1342)
	at org.eclipse.jetty.server.handler.ContextHandler.doStart(ContextHandler.java:741)
	at org.eclipse.jetty.webapp.WebAppContext.doStart(WebAppContext.java:505)
	at org.eclipse.jetty.util.component.AbstractLifeCycle.start(AbstractLifeCycle.java:68)
	at org.eclipse.jetty.util.component.ContainerLifeCycle.start(ContainerLifeCycle.java:132)
	at org.eclipse.jetty.util.component.ContainerLifeCycle.doStart(ContainerLifeCycle.java:114)
	at org.eclipse.jetty.server.handler.AbstractHandler.doStart(AbstractHandler.java:61)
	at org.eclipse.jetty.util.component.AbstractLifeCycle.start(AbstractLifeCycle.java:68)
	at org.eclipse.jetty.util.component.ContainerLifeCycle.start(ContainerLifeCycle.java:132)
	at org.eclipse.jetty.server.Server.start(Server.java:387)
	at org.eclipse.jetty.util.component.ContainerLifeCycle.doStart(ContainerLifeCycle.java:114)
	at org.eclipse.jetty.server.handler.AbstractHandler.doStart(AbstractHandler.java:61)
	at org.eclipse.jetty.server.Server.doStart(Server.java:354)
	at org.eclipse.jetty.util.component.AbstractLifeCycle.start(AbstractLifeCycle.java:68)
	at com.thoughtworks.go.server.Jetty9Server.start(Jetty9Server.java:93)
	at com.thoughtworks.go.server.GoServer.startServer(GoServer.java:71)
	at com.thoughtworks.go.server.GoServer.go(GoServer.java:63)
	at com.thoughtworks.go.server.util.GoLauncher.main(GoLauncher.java:43)
	at sun.reflect.NativeMethodAccessorImpl.invoke0(Native Method)
	at sun.reflect.NativeMethodAccessorImpl.invoke(NativeMethodAccessorImpl.java:62)
	at sun.reflect.DelegatingMethodAccessorImpl.invoke(DelegatingMethodAccessorImpl.java:43)
	at java.lang.reflect.Method.invoke(Method.java:498)
	at com.simontuffs.onejar.Boot.run(Boot.java:306)
	at com.simontuffs.onejar.Boot.main(Boot.java:159)
2017-05-27 00:56:26,218  INFO [main] ConfigRepository:177 - [CONFIG REPOSITORY] Unable retrieve current cruise config revision
org.eclipse.jgit.api.errors.NoHeadException: No HEAD exists and no explicit starting revision was specified
	at org.eclipse.jgit.api.LogCommand.call(LogCommand.java:152)
	at com.thoughtworks.go.service.ConfigRepository.revisions(ConfigRepository.java:136)
	at com.thoughtworks.go.service.ConfigRepository.getCurrentRevCommit(ConfigRepository.java:188)
	at com.thoughtworks.go.service.ConfigRepository$3.call(ConfigRepository.java:175)
	at com.thoughtworks.go.service.ConfigRepository$3.call(ConfigRepository.java:171)
	at com.thoughtworks.go.service.ConfigRepository.doLocked(ConfigRepository.java:126)
	at com.thoughtworks.go.service.ConfigRepository.getCurrentRevision(ConfigRepository.java:171)
	at com.thoughtworks.go.service.ConfigRepository.checkin(ConfigRepository.java:106)
	at com.thoughtworks.go.config.FullConfigSaveFlow.checkinToConfigRepo(FullConfigSaveFlow.java:92)
	at com.thoughtworks.go.config.FullConfigSaveNormalFlow.execute(FullConfigSaveNormalFlow.java:66)
	at com.thoughtworks.go.config.GoConfigMigrator.upgradeConfigFile(GoConfigMigrator.java:109)
	at com.thoughtworks.go.config.GoConfigMigrator.upgrade(GoConfigMigrator.java:95)
	at com.thoughtworks.go.config.GoConfigMigrator.migrate(GoConfigMigrator.java:74)
	at com.thoughtworks.go.config.CachedGoConfig.upgradeConfig(CachedGoConfig.java:143)
	at com.thoughtworks.go.server.initializers.ApplicationInitializer.onApplicationEvent(ApplicationInitializer.java:105)
	at com.thoughtworks.go.server.initializers.ApplicationInitializer.onApplicationEvent(ApplicationInitializer.java:47)
	at org.springframework.context.event.SimpleApplicationEventMulticaster.multicastEvent(SimpleApplicationEventMulticaster.java:97)
	at org.springframework.context.support.AbstractApplicationContext.publishEvent(AbstractApplicationContext.java:327)
	at org.springframework.context.support.AbstractApplicationContext.finishRefresh(AbstractApplicationContext.java:941)
	at org.springframework.context.support.AbstractApplicationContext.refresh(AbstractApplicationContext.java:475)
	at org.springframework.web.context.ContextLoader.configureAndRefreshWebApplicationContext(ContextLoader.java:383)
	at org.springframework.web.context.ContextLoader.initWebApplicationContext(ContextLoader.java:283)
	at org.springframework.web.context.ContextLoaderListener.contextInitialized(ContextLoaderListener.java:111)
	at org.eclipse.jetty.server.handler.ContextHandler.callContextInitialized(ContextHandler.java:800)
	at org.eclipse.jetty.servlet.ServletContextHandler.callContextInitialized(ServletContextHandler.java:444)
	at org.eclipse.jetty.server.handler.ContextHandler.startContext(ContextHandler.java:791)
	at org.eclipse.jetty.servlet.ServletContextHandler.startContext(ServletContextHandler.java:294)
	at org.eclipse.jetty.webapp.WebAppContext.startWebapp(WebAppContext.java:1349)
	at org.eclipse.jetty.webapp.WebAppContext.startContext(WebAppContext.java:1342)
	at org.eclipse.jetty.server.handler.ContextHandler.doStart(ContextHandler.java:741)
	at org.eclipse.jetty.webapp.WebAppContext.doStart(WebAppContext.java:505)
	at org.eclipse.jetty.util.component.AbstractLifeCycle.start(AbstractLifeCycle.java:68)
	at org.eclipse.jetty.util.component.ContainerLifeCycle.start(ContainerLifeCycle.java:132)
	at org.eclipse.jetty.util.component.ContainerLifeCycle.doStart(ContainerLifeCycle.java:114)
	at org.eclipse.jetty.server.handler.AbstractHandler.doStart(AbstractHandler.java:61)
	at org.eclipse.jetty.util.component.AbstractLifeCycle.start(AbstractLifeCycle.java:68)
	at org.eclipse.jetty.util.component.ContainerLifeCycle.start(ContainerLifeCycle.java:132)
	at org.eclipse.jetty.server.Server.start(Server.java:387)
	at org.eclipse.jetty.util.component.ContainerLifeCycle.doStart(ContainerLifeCycle.java:114)
	at org.eclipse.jetty.server.handler.AbstractHandler.doStart(AbstractHandler.java:61)
	at org.eclipse.jetty.server.Server.doStart(Server.java:354)
	at org.eclipse.jetty.util.component.AbstractLifeCycle.start(AbstractLifeCycle.java:68)
	at com.thoughtworks.go.server.Jetty9Server.start(Jetty9Server.java:93)
	at com.thoughtworks.go.server.GoServer.startServer(GoServer.java:71)
	at com.thoughtworks.go.server.GoServer.go(GoServer.java:63)
	at com.thoughtworks.go.server.util.GoLauncher.main(GoLauncher.java:43)
	at sun.reflect.NativeMethodAccessorImpl.invoke0(Native Method)
	at sun.reflect.NativeMethodAccessorImpl.invoke(NativeMethodAccessorImpl.java:62)
	at sun.reflect.DelegatingMethodAccessorImpl.invoke(DelegatingMethodAccessorImpl.java:43)
	at java.lang.reflect.Method.invoke(Method.java:498)
	at com.simontuffs.onejar.Boot.run(Boot.java:306)
	at com.simontuffs.onejar.Boot.main(Boot.java:159)
2017-05-27 00:56:26,445  INFO [main] CachedGoConfig:226 - About to notify config listeners
2017-05-27 00:56:26,446  INFO [main] CachedGoConfig:234 - Finished notifying all listeners
2017-05-27 00:56:26,536  INFO [main] BuildAssignmentService:255 - [Configuration Changed] Removing jobs for pipelines that no longer exist in configuration.
2017-05-27 00:56:26,573  INFO [main] PipelineRepository:85 - Start updating pipeline timeline
2017-05-27 00:56:26,600  INFO [main] PipelineRepository:91 - Pipeline timeline updated
2017-05-27 00:56:26,601  INFO [main] PipelineSqlMapDao:98 - Loading active pipelines into memory.
2017-05-27 00:56:26,603  INFO [main] PipelineSqlMapDao:394 - Retriving Active Pipelines from Database...
2017-05-27 00:56:26,635  INFO [main] PipelineSqlMapDao:100 - Done loading active pipelines into memory.
2017-05-27 00:56:27,388  INFO [main] ConsoleActivityMonitor:67 - Found '0' building jobs. Added them with '2017-05-27T00:56:27.292Z' as the last heard time
2017-05-27 00:56:27,457  INFO [main] RailsAssetsService:66 - Found rails assets manifest file named .sprockets-manifest-ef99937ce31cf08c1ccac7c783dc5152.json 
2017-05-27 00:56:27,480  INFO [main] RailsAssetsService:70 - Successfully read rails assets manifest file located at /go-working-dir/work/jetty-0.0.0.0-8153-cruise.war-_go-any-/webapp/WEB-INF/rails.new/public/assets/.sprockets-manifest-ef99937ce31cf08c1ccac7c783dc5152.json
2017-05-27 00:56:41,347 FATAL [main] Rails:? - reached here
2017-05-27 00:56:50,212  INFO [cachedGoConfigRefreshExecutorThread] GoFileConfigDataSource:146 - Config file changed at 1495846586000
2017-05-27 00:56:50,213  INFO [cachedGoConfigRefreshExecutorThread] GoFileConfigDataSource:147 - Reloading config file: /go-working-dir/config/cruise-config.xml
2017-05-27 00:56:50,510  INFO [cachedGoConfigRefreshExecutorThread] CachedGoConfig:226 - About to notify config listeners
2017-05-27 00:56:50,515  INFO [cachedGoConfigRefreshExecutorThread] BuildAssignmentService:255 - [Configuration Changed] Removing jobs for pipelines that no longer exist in configuration.
2017-05-27 00:56:50,517  INFO [cachedGoConfigRefreshExecutorThread] CachedGoConfig:234 - Finished notifying all listeners
2017-05-27 00:57:28,338  INFO [qtp1274370218-21] ServerVersionInfoManager:71 - [Go Update Check] Starting update check at: Sat May 27 00:57:28 GMT 2017
2017-05-27 00:57:28,437  WARN [qtp1274370218-24] PipelineSqlMapDao:488 - No pipelines found in Config, Skipping PIM loading.
2017-05-27 00:57:29,085  INFO [qtp1274370218-26] CachedCommandSnippets:57 - [Command Repository] Reloading command snippets.
2017-05-27 00:57:49,945  WARN [qtp1274370218-22] PipelineSqlMapDao:488 - No pipelines found in Config, Skipping PIM loading.
2017-05-27 00:58:45,518  WARN [qtp1274370218-30] PipelineSqlMapDao:488 - No pipelines found in Config, Skipping PIM loading.
2017-05-27 01:01:30,768  INFO [qtp1274370218-32] GoConfigDao:103 - Config update request by anonymous is in queue - com.thoughtworks.go.config.update.UiBasedConfigUpdateCommand@4a04116b
2017-05-27 01:01:30,770  INFO [qtp1274370218-32] GoConfigDao:106 - Config update request com.thoughtworks.go.config.update.UiBasedConfigUpdateCommand@4a04116b by anonymous is being processed
2017-05-27 01:01:30,870  INFO [qtp1274370218-32] MagicalGoConfigXmlWriter:83 - [Serializing Config] Generating config partial.
2017-05-27 01:01:31,018  INFO [qtp1274370218-32] GoFileConfigDataSource:497 - [Configuration Changed] Saving updated configuration.
2017-05-27 01:01:31,023  INFO [qtp1274370218-32] CachedGoConfig:226 - About to notify config listeners
2017-05-27 01:01:31,044  INFO [qtp1274370218-32] BuildAssignmentService:255 - [Configuration Changed] Removing jobs for pipelines that no longer exist in configuration.
2017-05-27 01:01:31,047  INFO [qtp1274370218-32] CachedGoConfig:234 - Finished notifying all listeners
2017-05-27 01:01:31,066  INFO [qtp1274370218-32] GoConfigDao:118 - Config update request by anonymous is completed
2017-05-27 01:01:31,123  INFO [qtp1274370218-32] PipelinePauseService:79 - [Pipeline Pause] Pipeline [baseline_terraform] is paused by [com.thoughtworks.go.server.domain.Username@1cdbdc18[displayName=anonymous,username=anonymous]] because [Under construction]
2017-05-27 01:01:31,227  WARN [qtp1274370218-22] FeatureToggleRepository:68 - Toggles file, /go-working-dir/config/go.feature.toggles does not exist. Saying there are no toggles.
2017-05-27 01:01:56,145  INFO [qtp1274370218-30] H2EventListener:30 - Initializing database: jdbc:h2:db/h2db/cruise
2017-05-27 01:02:00,314  INFO [87@MessageListener for MaterialUpdateListener] ScmMaterialUpdater:63 - [Material Update] Found '1' modifications for material 'GitMaterial{url=https://github.com/feedyard/baseline_tf, branch='master', submoduleFolder='null', shallowClone=false}' with flyweight '874abc4b6611dda8c8cad3061a8dcbf0ffb41adc134e94688263076e391b57aa' using working directory '/go-working-dir/pipelines/flyweight/e83335a1-8a2e-4de1-a3e5-3c4bf3e30c25'
2017-05-27 01:02:05,623  INFO [qtp1274370218-29] GoConfigDao:103 - Config update request by anonymous is in queue - com.thoughtworks.go.config.update.UiBasedConfigUpdateCommand@45292f28
2017-05-27 01:02:05,625  INFO [qtp1274370218-29] GoConfigDao:106 - Config update request com.thoughtworks.go.config.update.UiBasedConfigUpdateCommand@45292f28 by anonymous is being processed
2017-05-27 01:02:05,678  INFO [qtp1274370218-29] MagicalGoConfigXmlWriter:83 - [Serializing Config] Generating config partial.
2017-05-27 01:02:05,796  INFO [qtp1274370218-29] GoFileConfigDataSource:497 - [Configuration Changed] Saving updated configuration.
2017-05-27 01:02:05,800  INFO [qtp1274370218-29] CachedGoConfig:226 - About to notify config listeners
2017-05-27 01:02:05,802  INFO [qtp1274370218-29] BuildAssignmentService:255 - [Configuration Changed] Removing jobs for pipelines that no longer exist in configuration.
2017-05-27 01:02:05,804  INFO [qtp1274370218-29] CachedGoConfig:234 - Finished notifying all listeners
2017-05-27 01:02:05,808  INFO [qtp1274370218-29] GoConfigDao:118 - Config update request by anonymous is completed
2017-05-27 01:02:07,639  WARN [qtp1274370218-20] PipelineSqlMapDao:488 - No pipelines found in Config, Skipping PIM loading.
2017-05-27 01:04:25,046  INFO [qtp1274370218-21] MagicalGoConfigXmlWriter:83 - [Serializing Config] Generating config partial.
2017-05-27 01:06:44,875  INFO [qtp1274370218-30] MagicalGoConfigXmlWriter:83 - [Serializing Config] Generating config partial.
2017-05-27 01:06:56,654  INFO [qtp1274370218-26] GoConfigDao:126 - Config update request by anonymous is in queue - com.thoughtworks.go.config.update.FullConfigUpdateCommand@14636997
2017-05-27 01:06:56,656  INFO [qtp1274370218-26] GoConfigDao:128 - Config update request by anonymous is being processed
2017-05-27 01:06:56,770  INFO [qtp1274370218-26] CachedGoConfig:226 - About to notify config listeners
2017-05-27 01:06:56,775  INFO [qtp1274370218-26] BuildAssignmentService:255 - [Configuration Changed] Removing jobs for pipelines that no longer exist in configuration.
2017-05-27 01:06:56,777  INFO [qtp1274370218-26] CachedGoConfig:234 - Finished notifying all listeners
2017-05-27 01:06:56,778  INFO [qtp1274370218-26] GoConfigDao:132 - Config update request by anonymous is completed
2017-05-27 01:06:56,806  INFO [qtp1274370218-27] MagicalGoConfigXmlWriter:83 - [Serializing Config] Generating config partial.
2017-05-27 01:07:06,136  INFO [qtp1274370218-23] MagicalGoConfigXmlWriter:83 - [Serializing Config] Generating config partial.
2017-05-27 01:07:12,975  INFO [qtp1274370218-26] GoConfigDao:126 - Config update request by anonymous is in queue - com.thoughtworks.go.config.update.FullConfigUpdateCommand@103d4414
2017-05-27 01:07:12,976  INFO [qtp1274370218-26] GoConfigDao:128 - Config update request by anonymous is being processed
2017-05-27 01:07:13,067  INFO [qtp1274370218-26] CachedGoConfig:226 - About to notify config listeners
2017-05-27 01:07:13,069  INFO [qtp1274370218-26] BuildAssignmentService:255 - [Configuration Changed] Removing jobs for pipelines that no longer exist in configuration.
2017-05-27 01:07:13,071  INFO [qtp1274370218-26] CachedGoConfig:234 - Finished notifying all listeners
2017-05-27 01:07:13,072  INFO [qtp1274370218-26] GoConfigDao:132 - Config update request by anonymous is completed
2017-05-27 01:07:13,093  INFO [qtp1274370218-27] MagicalGoConfigXmlWriter:83 - [Serializing Config] Generating config partial.
2017-05-27 01:07:30,187  INFO [98@MessageListener for MaterialUpdateListener] ScmMaterialUpdater:63 - [Material Update] Found '1' modifications for material 'GitMaterial{url=https://github.com/feedyard/baseline_tf.git, branch='master', submoduleFolder='null', shallowClone=false}' with flyweight '976e25b68fe347368a338e0ea6f6ef2d249e6b98764a43d0c8e0f209c89e7451' using working directory '/go-working-dir/pipelines/flyweight/87654a7c-e90d-4429-bb55-86cebdb3a1b5'
2017-05-27 01:07:33,260  INFO [104@MessageListener for ConfigMaterialUpdater] GoConfigDao:103 - Config update request by anonymous is in queue - com.thoughtworks.go.config.GoPartialConfig$GoPartialUpdateCommand@3c30e055
2017-05-27 01:07:33,260  INFO [104@MessageListener for ConfigMaterialUpdater] GoConfigDao:106 - Config update request com.thoughtworks.go.config.GoPartialConfig$GoPartialUpdateCommand@3c30e055 by anonymous is being processed
2017-05-27 01:07:33,280  INFO [104@MessageListener for ConfigMaterialUpdater] MagicalGoConfigXmlWriter:83 - [Serializing Config] Generating config partial.
2017-05-27 01:07:33,310  INFO [104@MessageListener for ConfigMaterialUpdater] GoFileConfigDataSource:497 - [Configuration Changed] Saving updated configuration.
2017-05-27 01:07:33,314  INFO [104@MessageListener for ConfigMaterialUpdater] CachedGoConfig:226 - About to notify config listeners
2017-05-27 01:07:33,316  INFO [104@MessageListener for ConfigMaterialUpdater] BuildAssignmentService:255 - [Configuration Changed] Removing jobs for pipelines that no longer exist in configuration.
2017-05-27 01:07:33,316  INFO [104@MessageListener for ConfigMaterialUpdater] CachedGoConfig:234 - Finished notifying all listeners
2017-05-27 01:07:33,316  INFO [104@MessageListener for ConfigMaterialUpdater] GoConfigDao:118 - Config update request by anonymous is completed
2017-05-27 01:11:20,584  WARN [qtp1274370218-31] PipelineSqlMapDao:488 - No pipelines found in Config, Skipping PIM loading.
2017-05-27 01:11:24,177  WARN [qtp1274370218-26] PipelineSqlMapDao:488 - No pipelines found in Config, Skipping PIM loading.
2017-05-27 01:11:29,033  WARN [qtp1274370218-33] PipelineSqlMapDao:488 - No pipelines found in Config, Skipping PIM loading.
2017-05-27 01:13:38,638  INFO [qtp1274370218-32] GoConfigDao:103 - Config update request by anonymous is in queue - com.thoughtworks.go.config.update.UiBasedConfigUpdateCommand@231f4ab
2017-05-27 01:13:38,641  INFO [qtp1274370218-32] GoConfigDao:106 - Config update request com.thoughtworks.go.config.update.UiBasedConfigUpdateCommand@231f4ab by anonymous is being processed
2017-05-27 01:13:38,670  INFO [qtp1274370218-32] MagicalGoConfigXmlWriter:83 - [Serializing Config] Generating config partial.
2017-05-27 01:13:38,798  INFO [qtp1274370218-32] GoFileConfigDataSource:497 - [Configuration Changed] Saving updated configuration.
2017-05-27 01:13:38,802  INFO [qtp1274370218-32] CachedGoConfig:226 - About to notify config listeners
2017-05-27 01:13:38,805  INFO [qtp1274370218-32] BuildAssignmentService:255 - [Configuration Changed] Removing jobs for pipelines that no longer exist in configuration.
2017-05-27 01:13:38,806  INFO [qtp1274370218-32] CachedGoConfig:234 - Finished notifying all listeners
2017-05-27 01:13:38,809  INFO [qtp1274370218-32] GoConfigDao:118 - Config update request by anonymous is completed
2017-05-27 01:13:38,819  INFO [qtp1274370218-32] PipelinePauseService:79 - [Pipeline Pause] Pipeline [test] is paused by [com.thoughtworks.go.server.domain.Username@1cdbdc18[displayName=anonymous,username=anonymous]] because [Under construction]
2017-05-27 01:18:15,726  INFO [qtp1274370218-21] GoConfigDao:103 - Config update request by anonymous is in queue - com.thoughtworks.go.config.update.UiBasedConfigUpdateCommand@7fe9f60
2017-05-27 01:18:15,728  INFO [qtp1274370218-21] GoConfigDao:106 - Config update request com.thoughtworks.go.config.update.UiBasedConfigUpdateCommand@7fe9f60 by anonymous is being processed
2017-05-27 01:18:15,755  INFO [qtp1274370218-21] MagicalGoConfigXmlWriter:83 - [Serializing Config] Generating config partial.
2017-05-27 01:18:15,890  INFO [qtp1274370218-21] GoFileConfigDataSource:497 - [Configuration Changed] Saving updated configuration.
2017-05-27 01:18:15,895  INFO [qtp1274370218-21] CachedGoConfig:226 - About to notify config listeners
2017-05-27 01:18:15,897  INFO [qtp1274370218-21] BuildAssignmentService:255 - [Configuration Changed] Removing jobs for pipelines that no longer exist in configuration.
2017-05-27 01:18:15,899  INFO [qtp1274370218-21] CachedGoConfig:234 - Finished notifying all listeners
2017-05-27 01:18:15,901  INFO [qtp1274370218-21] GoConfigDao:118 - Config update request by anonymous is completed
