$ exec /sbin/tini -- su-exec go /gocd-server-entrypoint.sh /go-server/server.sh
$ exec /go-server/server.sh
[Sat May 27 00:56:07 UTC 2017] Starting Go Server with command: java -server -Djava.security.egd=file:/dev/./urandom -Xms512m -Xmx1024m -XX:MaxMetaspaceSize=256m -Duser.language=en -Djruby.rack.request.size.threshold.bytes=30000000 -Duser.country=US -Dcruise.config.dir=/go-working-dir/config -Dcruise.config.file=/go-working-dir/config/cruise-config.xml -Dcruise.server.port=8153 -Dcruise.server.ssl.port=8154 -jar /go-server/go.jar
[Sat May 27 00:56:07 UTC 2017] Starting Go Server in directory: /go-working-dir
Could not find file `/go-working-dir/config/log4j.properties'. Attempting to load from classpath.
Using classpath resource `config/log4j.properties'.
Could not find file `/go-working-dir/config/log4j.properties'. Attempting to load from classpath.
Using classpath resource `config/log4j.properties'.
Reading change scripts from directory /godata/db/h2deltas...
dbdeploy v2.11
Creating index SYS:SYS_ID 0%
Creating index SYS:SYS_ID 0%
Changes currently applied to database:
  1..85
Scripts available:
  1..90, 221001, 230001..230009, 240001, 240002, 300001..300011, 1202001..1202003, 1203002..1203005, 1301001, 1302001, 1303001..1303004, 1304001, 1401001, 1403001, 1403002, 1501001..1501003, 1502001, 1503001, 1503002, 1606001, 1606002, 1607001, 1610001, 1701001, 1702001, 1704001..1704003
To be applied:
  86..90, 221001, 230001..230009, 240001, 240002, 300001..300011, 1202001..1202003, 1203002..1203005, 1301001, 1302001, 1303001..1303004, 1304001, 1401001, 1403001, 1403002, 1501001..1501003, 1502001, 1503001, 1503002, 1606001, 1606002, 1607001, 1610001, 1701001, 1702001, 1704001..1704003
Creating index SYS:SYS_ID 0%
Creating index SYS:SYS_ID 0%
Warning: org.apache.xerces.jaxp.SAXParserImpl$JAXPSAXParser: Property 'http://www.oracle.com/xml/jaxp/properties/entityExpansionLimit' is not recognized.
Compiler warnings:
  WARNING:  'org.apache.xerces.jaxp.SAXParserImpl: Property 'http://javax.xml.XMLConstants/property/accessExternalDTD' is not recognized.'
Compiler warnings:
  WARNING:  'org.apache.xerces.jaxp.SAXParserImpl: Property 'http://javax.xml.XMLConstants/property/accessExternalDTD' is not recognized.'
Compiler warnings:
  WARNING:  'org.apache.xerces.jaxp.SAXParserImpl: Property 'http://javax.xml.XMLConstants/property/accessExternalDTD' is not recognized.'
Compiler warnings:
  WARNING:  'org.apache.xerces.jaxp.SAXParserImpl: Property 'http://javax.xml.XMLConstants/property/accessExternalDTD' is not recognized.'
Compiler warnings:
  WARNING:  'org.apache.xerces.jaxp.SAXParserImpl: Property 'http://javax.xml.XMLConstants/property/accessExternalDTD' is not recognized.'
Compiler warnings:
  WARNING:  'org.apache.xerces.jaxp.SAXParserImpl: Property 'http://javax.xml.XMLConstants/property/accessExternalDTD' is not recognized.'
Compiler warnings:
  WARNING:  'org.apache.xerces.jaxp.SAXParserImpl: Property 'http://javax.xml.XMLConstants/property/accessExternalDTD' is not recognized.'
Compiler warnings:
  WARNING:  'org.apache.xerces.jaxp.SAXParserImpl: Property 'http://javax.xml.XMLConstants/property/accessExternalDTD' is not recognized.'
Compiler warnings:
  WARNING:  'org.apache.xerces.jaxp.SAXParserImpl: Property 'http://javax.xml.XMLConstants/property/accessExternalDTD' is not recognized.'
Compiler warnings:
  WARNING:  'org.apache.xerces.jaxp.SAXParserImpl: Property 'http://javax.xml.XMLConstants/property/accessExternalDTD' is not recognized.'
Compiler warnings:
  WARNING:  'org.apache.xerces.jaxp.SAXParserImpl: Property 'http://javax.xml.XMLConstants/property/accessExternalDTD' is not recognized.'
Warning: org.apache.xerces.parsers.SAXParser: Feature 'http://javax.xml.XMLConstants/feature/secure-processing' is not recognized.
Warning: org.apache.xerces.parsers.SAXParser: Property 'http://javax.xml.XMLConstants/property/accessExternalDTD' is not recognized.
Warning: org.apache.xerces.parsers.SAXParser: Property 'http://www.oracle.com/xml/jaxp/properties/entityExpansionLimit' is not recognized.
Compiler warnings:
  WARNING:  'org.apache.xerces.jaxp.SAXParserImpl: Property 'http://javax.xml.XMLConstants/property/accessExternalDTD' is not recognized.'
Compiler warnings:
  WARNING:  'org.apache.xerces.jaxp.SAXParserImpl: Property 'http://javax.xml.XMLConstants/property/accessExternalDTD' is not recognized.'
Compiler warnings:
  WARNING:  'org.apache.xerces.jaxp.SAXParserImpl: Property 'http://javax.xml.XMLConstants/property/accessExternalDTD' is not recognized.'
Compiler warnings:
  WARNING:  'org.apache.xerces.jaxp.SAXParserImpl: Property 'http://javax.xml.XMLConstants/property/accessExternalDTD' is not recognized.'
Compiler warnings:
  WARNING:  'org.apache.xerces.jaxp.SAXParserImpl: Property 'http://javax.xml.XMLConstants/property/accessExternalDTD' is not recognized.'
Compiler warnings:
  WARNING:  'org.apache.xerces.jaxp.SAXParserImpl: Property 'http://javax.xml.XMLConstants/property/accessExternalDTD' is not recognized.'
Compiler warnings:
  WARNING:  'org.apache.xerces.jaxp.SAXParserImpl: Property 'http://javax.xml.XMLConstants/property/accessExternalDTD' is not recognized.'
Compiler warnings:
  WARNING:  'org.apache.xerces.jaxp.SAXParserImpl: Property 'http://javax.xml.XMLConstants/property/accessExternalDTD' is not recognized.'
DEPRECATION WARNING: Filter object with #filter method is deprecated. Define method corresponding to filter type (#before, #after or #around). (called from transaction_actions at /go-working-dir/work/jetty-0.0.0.0-8153-cruise.war-_go-any-/webapp/WEB-INF/rails.new/vendor/engines/oauth2_provider/lib/oauth2_provider/transaction_helper.rb:18)
DEPRECATION WARNING: Filter object with #filter method is deprecated. Define method corresponding to filter type (#before, #after or #around). (called from transaction_actions at /go-working-dir/work/jetty-0.0.0.0-8153-cruise.war-_go-any-/webapp/WEB-INF/rails.new/vendor/engines/oauth2_provider/lib/oauth2_provider/transaction_helper.rb:18)
DEPRECATION WARNING: Filter object with #filter method is deprecated. Define method corresponding to filter type (#before, #after or #around). (called from transaction_actions at /go-working-dir/work/jetty-0.0.0.0-8153-cruise.war-_go-any-/webapp/WEB-INF/rails.new/vendor/engines/oauth2_provider/lib/oauth2_provider/transaction_helper.rb:18)
DEPRECATION WARNING: Filter object with #filter method is deprecated. Define method corresponding to filter type (#before, #after or #around). (called from transaction_actions at /go-working-dir/work/jetty-0.0.0.0-8153-cruise.war-_go-any-/webapp/WEB-INF/rails.new/vendor/engines/oauth2_provider/lib/oauth2_provider/transaction_helper.rb:18)
WARNING: while creating new bindings for class org.jruby.rack.RackInput,
found an existing binding; you may want to run a clean build.
WARNING: while creating new bindings for class org.jruby.rack.RackInput,
found an existing binding; you may want to run a clean build.
/go-working-dir/work/jetty-0.0.0.0-8153-cruise.war-_go-any-/webapp/WEB-INF/rails.new/vendor/bundle/jruby/1.9/gems/uber-0.0.13/lib/uber/options.rb:80 warning: singleton on non-persistent Java type Java::ComThoughtworksGoPluginInfraPlugininfo::GoPluginDescriptor::About (http://wiki.jruby.org/Persistence)
/go-working-dir/work/jetty-0.0.0.0-8153-cruise.war-_go-any-/webapp/WEB-INF/rails.new/vendor/bundle/jruby/1.9/gems/uber-0.0.13/lib/uber/options.rb:80 warning: singleton on non-persistent Java type Java::ComThoughtworksGoConfigMaterialsGit::GitMaterialConfig (http://wiki.jruby.org/Persistence)
DEPRECATION WARNING: link_to_function is deprecated and will be removed from Rails 4.1. We recommend using Unobtrusive JavaScript instead. See http://guides.rubyonrails.org/working_with_javascript_in_rails.html#unobtrusive-javascript. (called from _app_views_admin_tasks_pluggable_task__list_entry_html_erb__1499365209_35370 at /go-working-dir/work/jetty-0.0.0.0-8153-cruise.war-_go-any-/webapp/WEB-INF/rails.new/app/views/admin/tasks/pluggable_task/_list_entry.html.erb:5)
DEPRECATION WARNING: link_to_function is deprecated and will be removed from Rails 4.1. We recommend using Unobtrusive JavaScript instead. See http://guides.rubyonrails.org/working_with_javascript_in_rails.html#unobtrusive-javascript. (called from _app_views_admin_tasks_pluggable_task__list_entry_html_erb__1499365209_35370 at /go-working-dir/work/jetty-0.0.0.0-8153-cruise.war-_go-any-/webapp/WEB-INF/rails.new/app/views/admin/tasks/pluggable_task/_list_entry.html.erb:5)
DEPRECATION WARNING: link_to_function is deprecated and will be removed from Rails 4.1. We recommend using Unobtrusive JavaScript instead. See http://guides.rubyonrails.org/working_with_javascript_in_rails.html#unobtrusive-javascript. (called from _app_views_admin_tasks_pluggable_task__list_entry_html_erb__1499365209_35370 at /go-working-dir/work/jetty-0.0.0.0-8153-cruise.war-_go-any-/webapp/WEB-INF/rails.new/app/views/admin/tasks/pluggable_task/_list_entry.html.erb:5)
DEPRECATION WARNING: link_to_function is deprecated and will be removed from Rails 4.1. We recommend using Unobtrusive JavaScript instead. See http://guides.rubyonrails.org/working_with_javascript_in_rails.html#unobtrusive-javascript. (called from _app_views_admin_tasks_pluggable_task__list_entry_html_erb__1499365209_35370 at /go-working-dir/work/jetty-0.0.0.0-8153-cruise.war-_go-any-/webapp/WEB-INF/rails.new/app/views/admin/tasks/pluggable_task/_list_entry.html.erb:5)
DEPRECATION WARNING: link_to_function is deprecated and will be removed from Rails 4.1. We recommend using Unobtrusive JavaScript instead. See http://guides.rubyonrails.org/working_with_javascript_in_rails.html#unobtrusive-javascript. (called from _app_views_admin_tasks_plugin__task_entry_value_fields_html_erb__419642309_37776 at /go-working-dir/work/jetty-0.0.0.0-8153-cruise.war-_go-any-/webapp/WEB-INF/rails.new/app/views/admin/tasks/plugin/_task_entry_value_fields.html.erb:1)
